<?xml version="1.0" encoding="UTF-8"?>
<!-- Generated by org.testng.reporters.JUnitReportReporter -->
<testsuite skipped="0" hostname="IBM-Testing01" name="com.training.regression.tests.AccinfCYTC_035" tests="1" failures="0" timestamp="20 Jan 2020 05:12:26 GMT" time="16.409" errors="0">
  <testcase name="validLoginTest" time="16.409" classname="com.training.regression.tests.AccinfCYTC_035"/>
</testsuite> <!-- com.training.regression.tests.AccinfCYTC_035 -->
