<?xml version="1.0" encoding="UTF-8"?>
<!-- Generated by org.testng.reporters.JUnitReportReporter -->
<testsuite skipped="0" hostname="IBM-Testing01" name="com.training.sanity.tests.OtherpaymentTest" tests="1" failures="0" timestamp="16 Jan 2020 04:49:24 GMT" time="17.141" errors="0">
  <testcase name="validLoginTest" time="17.141" classname="com.training.sanity.tests.OtherpaymentTest"/>
</testsuite> <!-- com.training.sanity.tests.OtherpaymentTest -->
