<?xml version="1.0" encoding="UTF-8"?>
<!-- Generated by org.testng.reporters.JUnitReportReporter -->
<testsuite skipped="0" hostname="IBM-Testing01" name="com.training.sanity.tests.CYTC_24Test" tests="1" failures="0" timestamp="15 Jan 2020 14:34:46 GMT" time="20.844" errors="0">
  <testcase name="validLoginTest" time="20.844" classname="com.training.sanity.tests.CYTC_24Test"/>
</testsuite> <!-- com.training.sanity.tests.CYTC_24Test -->
