<?xml version="1.0" encoding="UTF-8"?>
<!-- Generated by org.testng.reporters.JUnitReportReporter -->
<testsuite skipped="0" hostname="IBM-Testing01" name="com.training.sanity.tests.Loansrepay" tests="1" failures="0" timestamp="16 Jan 2020 05:00:23 GMT" time="30.145" errors="0">
  <testcase name="validLoginTest" time="30.145" classname="com.training.sanity.tests.Loansrepay"/>
</testsuite> <!-- com.training.sanity.tests.Loansrepay -->
