<?xml version="1.0" encoding="UTF-8"?>
<!-- Generated by org.testng.reporters.JUnitReportReporter -->
<testsuite skipped="0" hostname="IBM-Testing01" name="com.training.sanity.tests.CYTC_25Test" tests="1" failures="0" timestamp="15 Jan 2020 14:31:31 GMT" time="27.758" errors="0">
  <testcase name="validLoginTest" time="27.758" classname="com.training.sanity.tests.CYTC_25Test"/>
</testsuite> <!-- com.training.sanity.tests.CYTC_25Test -->
