<?xml version="1.0" encoding="UTF-8"?>
<!-- Generated by org.testng.reporters.JUnitReportReporter -->
<testsuite skipped="0" hostname="IBM-Testing01" name="com.training.sanity.tests.LoansinfTest" tests="1" failures="0" timestamp="15 Jan 2020 14:53:06 GMT" time="18.254" errors="0">
  <testcase name="validLoginTest" time="18.254" classname="com.training.sanity.tests.LoansinfTest"/>
</testsuite> <!-- com.training.sanity.tests.LoansinfTest -->
